Apr 27 13:23:23 docker3 etcd: etcd Version: 3.0.15
Apr 27 13:23:23 docker3 etcd: Git SHA: fc00305
Apr 27 13:23:23 docker3 etcd: Go Version: go1.6.3
Apr 27 13:23:23 docker3 etcd: Go OS/Arch: linux/amd64
Apr 27 13:23:23 docker3 etcd: setting maximum number of CPUs to 24, total number of available CPUs is 1
Apr 27 13:23:23 docker3 etcd: listening for peers on http://0.0.0.0:7001
Apr 27 13:23:23 docker3 etcd: listening for client requests on 0.0.0.0:4001
Apr 27 13:23:23 docker3 etcd: name = etcd2
Apr 27 13:23:23 docker3 etcd: data dir = /opt/etcd_conf_tb/etcd/default.etcd
Apr 27 13:23:23 docker3 etcd: member dir = /opt/etcd_conf_tb/etcd/default.etcd/member
Apr 27 13:23:23 docker3 etcd: heartbeat = 100ms
Apr 27 13:23:23 docker3 etcd: election = 1000ms
Apr 27 13:23:23 docker3 etcd: snapshot count = 10000
Apr 27 13:23:23 docker3 etcd: advertise client URLs = http://27.10.9.23:4001
Apr 27 13:23:23 docker3 etcd: starting member 8154da47cc70c725 in cluster f13c69928605fa6f
Apr 27 13:23:23 docker3 etcd: 8154da47cc70c725 became follower at term 0
Apr 27 13:23:23 docker3 etcd: newRaft 8154da47cc70c725 [peers: [], term: 0, commit: 0, applied: 0, lastindex: 0, lastterm: 0]
Apr 27 13:23:23 docker3 etcd: 8154da47cc70c725 became follower at term 1
Apr 27 13:23:23 docker3 etcd: started HTTP pipelining with peer 3ae830665dc1d868
Apr 27 13:23:23 docker3 etcd: starting peer 3ae830665dc1d868...
Apr 27 13:23:23 docker3 etcd: started HTTP pipelining with peer 3ae830665dc1d868
Apr 27 13:23:23 docker3 etcd: started streaming with peer 3ae830665dc1d868 (writer)
Apr 27 13:23:23 docker3 etcd: started peer 3ae830665dc1d868
Apr 27 13:23:23 docker3 etcd: added peer 3ae830665dc1d868
Apr 27 13:23:23 docker3 etcd: starting server... [version: 3.0.15, cluster version: to_be_decided]
Apr 27 13:23:23 docker3 etcd: started streaming with peer 3ae830665dc1d868 (writer)
Apr 27 13:23:23 docker3 etcd: started streaming with peer 3ae830665dc1d868 (stream MsgApp v2 reader)
Apr 27 13:23:23 docker3 etcd: started streaming with peer 3ae830665dc1d868 (stream Message reader)
Apr 27 13:23:23 docker3 etcd: peer 3ae830665dc1d868 became active
Apr 27 13:23:23 docker3 etcd: established a TCP streaming connection with peer 3ae830665dc1d868 (stream Message reader)
Apr 27 13:23:23 docker3 etcd: established a TCP streaming connection with peer 3ae830665dc1d868 (stream MsgApp v2 reader)
Apr 27 13:23:23 docker3 etcd: 8154da47cc70c725 [term: 1] received a MsgVote message with higher term from 3ae830665dc1d868 [term: 37]
Apr 27 13:23:23 docker3 etcd: 8154da47cc70c725 became follower at term 37
Apr 27 13:23:23 docker3 etcd: 8154da47cc70c725 [logterm: 0, index: 0, vote: 0] voted for 3ae830665dc1d868 [logterm: 2, index: 152914] at term 37
Apr 27 13:23:23 docker3 etcd: raft.node: 8154da47cc70c725 elected leader 3ae830665dc1d868 at term 37
Apr 27 13:23:30 docker3 etcd: publish error: etcdserver: request timed out, possibly due to previous leader failure
Apr 27 13:23:37 docker3 etcd: publish error: etcdserver: request timed out
Apr 27 13:23:44 docker3 etcd: publish error: etcdserver: request timed out
Apr 27 13:23:51 docker3 etcd: publish error: etcdserver: request timed out
Apr 27 13:23:53 docker3 etcd: the clock difference against peer 3ae830665dc1d868 is too high [4.709395768s > 1s]
Apr 27 13:23:58 docker3 etcd: publish error: etcdserver: request timed out
Apr 27 13:24:05 docker3 etcd: publish error: etcdserver: request timed out
Apr 27 13:24:12 docker3 etcd: publish error: etcdserver: request timed out
Apr 27 13:24:19 docker3 etcd: publish error: etcdserver: request timed out
Apr 27 13:24:23 docker3 etcd: the clock difference against peer 3ae830665dc1d868 is too high [4.709003246s > 1s]
Apr 27 13:24:26 docker3 etcd: publish error: etcdserver: request timed out
Apr 27 13:24:33 docker3 etcd: publish error: etcdserver: request timed out
Apr 27 13:24:40 docker3 etcd: publish error: etcdserver: request timed out
Apr 27 13:24:47 docker3 etcd: publish error: etcdserver: request timed out
Apr 27 13:24:53 docker3 etcd: the clock difference against peer 3ae830665dc1d868 is too high [4.708592607s > 1s]
Apr 27 13:24:53 docker3 systemd: etcd.service start operation timed out. Terminating.
Apr 27 13:24:53 docker3 systemd: Failed to start Etcd Server.
Apr 27 13:24:53 docker3 systemd: Unit etcd.service entered failed state.
Apr 27 13:24:53 docker3 systemd: etcd.service failed.